<?xml version="1.0" encoding="UTF-8"?>
<testng-results ignored="0" total="1" passed="1" failed="0" skipped="0">
  <reporter-output>
  </reporter-output>
  <suite started-at="2026-06-20T11:06:46 IST" name="Surefire suite" finished-at="2026-06-20T11:06:52 IST" duration-ms="5281">
    <groups>
    </groups>
    <test started-at="2026-06-20T11:06:46 IST" name="Surefire test" finished-at="2026-06-20T11:06:52 IST" duration-ms="5281">
      <class name="Cucumber2ndMay.Cucumber2ndMay.AppTest">
        <test-method signature="shouldAnswerWithTrue()" started-at="2026-06-20T11:06:46 IST" name="shouldAnswerWithTrue" finished-at="2026-06-20T11:06:46 IST" duration-ms="5" status="PASS">
          <reporter-output>
          </reporter-output>
        </test-method> <!-- shouldAnswerWithTrue -->
      </class> <!-- Cucumber2ndMay.Cucumber2ndMay.AppTest -->
    </test> <!-- Surefire test -->
  </suite> <!-- Surefire suite -->
</testng-results>
